{"name": "test_login[chrome-admin@gmail.com-admin@123]", "status": "failed", "statusDetails": {"message": "AssertionError", "trace": "self = <test_demo.TestDemo object at 0x0000029609E24E10>\nusername = 'admin@gmail.com', password = 'admin@123'\n\n    @pytest.mark.parametrize(\"username,password\", [\n                                                    (\"standard_user\", \"secret_sauce\"),\n                                                    (\"admin@gmail.com\", \"admin@123\")\n                                                  ]\n                             )\n    def test_login(self, username, password):\n        self.driver.get(\"https://www.saucedemo.com/\")\n        self.lg = DemoPage(self.driver)\n>       self.lg.login(username, password)\n\nTestcases\\demo\\test_demo.py:19: \n_ _ _ _ _ _ _ _ _ _ _ _ _ _ _ _ _ _ _ _ _ _ _ _ _ _ _ _ _ _ _ _ _ _ _ _ _ _ _ _\npageObject\\demo_Page.py:54: in login\n    self.verify_login()\n_ _ _ _ _ _ _ _ _ _ _ _ _ _ _ _ _ _ _ _ _ _ _ _ _ _ _ _ _ _ _ _ _ _ _ _ _ _ _ _\n\nself = <pageObject.demo_Page.DemoPage object at 0x0000029609E51E50>\n\n    def verify_login(self):\n        currentUrl = self.driver.current_url\n        if currentUrl == self.logged_in_url:\n            self.logg.info(\"Login Successful\")\n            assert True\n        else:\n            self.logg.info(\"Login Failed\")\n>           assert False\nE           AssertionError\n\npageObject\\demo_Page.py:41: AssertionError"}, "attachments": [{"name": "log", "source": "652746c1-9db2-4938-9327-27731f96e470-attachment.txt", "type": "text/plain"}], "parameters": [{"name": "setup", "value": "'chrome'"}, {"name": "username", "value": "'admin@gmail.com'"}, {"name": "password", "value": "'admin@123'"}], "start": 1675752824285, "stop": 1675752825144, "uuid": "0396ba63-6bd3-4e71-b3bc-2efaefbe2a4c", "historyId": "bfc877e51c98f6c8bf5d8249f379c1ce", "testCaseId": "4c390f396dbd91085dd1f908a53ad44d", "fullName": "Testcases.demo.test_demo.TestDemo#test_login", "labels": [{"name": "tag", "value": "@pytest.mark.usefixtures('setup')"}, {"name": "parentSuite", "value": "Testcases.demo"}, {"name": "suite", "value": "test_demo"}, {"name": "subSuite", "value": "TestDemo"}, {"name": "host", "value": "GS-6528"}, {"name": "thread", "value": "22152-MainThread"}, {"name": "framework", "value": "pytest"}, {"name": "language", "value": "cpython3"}, {"name": "package", "value": "Testcases.demo.test_demo"}]}